{"/home/kaiser/Projects/Solo-Leveling/backend/src/server.ts": {"path":"/home/kaiser/Projects/Solo-Leveling/backend/src/server.ts","statementMap":{"0":{"start":{"line":1,"column":0},"end":{"line":1,"column":29}},"1":{"start":{"line":3,"column":0},"end":{"line":3,"column":46}},"2":{"start":{"line":5,"column":13},"end":{"line":5,"column":null}},"3":{"start":{"line":7,"column":0},"end":{"line":7,"column":null}},"4":{"start":{"line":8,"column":0},"end":{"line":11,"column":5}},"5":{"start":{"line":13,"column":0},"end":{"line":17,"column":null}},"6":{"start":{"line":16,"column":4},"end":{"line":16,"column":null}}},"fnMap":{"0":{"name":"(anonymous_1)","decl":{"start":{"line":15,"column":8},"end":{"line":15,"column":11}},"loc":{"start":{"line":15,"column":13},"end":{"line":17,"column":1}}}},"branchMap":{},"s":{"0":1,"1":1,"2":1,"3":1,"4":1,"5":1,"6":1},"f":{"0":1},"b":{}}
,"/home/kaiser/Projects/Solo-Leveling/backend/src/lib/prisma.ts": {"path":"/home/kaiser/Projects/Solo-Leveling/backend/src/lib/prisma.ts","statementMap":{"0":{"start":{"line":1,"column":0},"end":{"line":1,"column":45}},"1":{"start":{"line":3,"column":13},"end":{"line":5,"column":null}}},"fnMap":{},"branchMap":{},"s":{"0":1,"1":1},"f":{},"b":{}}
,"/home/kaiser/Projects/Solo-Leveling/backend/src/routes/quests.ts": {"path":"/home/kaiser/Projects/Solo-Leveling/backend/src/routes/quests.ts","statementMap":{"0":{"start":{"line":6,"column":0},"end":{"line":6,"column":7}},"1":{"start":{"line":2,"column":0},"end":{"line":2,"column":38}},"2":{"start":{"line":3,"column":0},"end":{"line":3,"column":23}},"3":{"start":{"line":9,"column":4},"end":{"line":19,"column":null}},"4":{"start":{"line":11,"column":23},"end":{"line":15,"column":10}},"5":{"start":{"line":16,"column":8},"end":{"line":16,"column":null}},"6":{"start":{"line":17,"column":8},"end":{"line":17,"column":null}},"7":{"start":{"line":22,"column":4},"end":{"line":36,"column":null}},"8":{"start":{"line":23,"column":29},"end":{"line":25,"column":10}},"9":{"start":{"line":27,"column":23},"end":{"line":27,"column":53}},"10":{"start":{"line":29,"column":22},"end":{"line":33,"column":10}},"11":{"start":{"line":34,"column":8},"end":{"line":34,"column":null}},"12":{"start":{"line":35,"column":8},"end":{"line":35,"column":null}},"13":{"start":{"line":39,"column":4},"end":{"line":70,"column":null}},"14":{"start":{"line":41,"column":27},"end":{"line":48,"column":87}},"15":{"start":{"line":49,"column":8},"end":{"line":69,"column":9}},"16":{"start":{"line":50,"column":42},"end":{"line":50,"column":68}},"17":{"start":{"line":52,"column":29},"end":{"line":57,"column":14}},"18":{"start":{"line":58,"column":12},"end":{"line":58,"column":null}},"19":{"start":{"line":59,"column":12},"end":{"line":59,"column":null}},"20":{"start":{"line":61,"column":12},"end":{"line":66,"column":13}},"21":{"start":{"line":62,"column":16},"end":{"line":62,"column":null}},"22":{"start":{"line":63,"column":16},"end":{"line":65,"column":null}},"23":{"start":{"line":67,"column":12},"end":{"line":67,"column":64}},"24":{"start":{"line":68,"column":12},"end":{"line":68,"column":22}},"25":{"start":{"line":72,"column":4},"end":{"line":98,"column":null}},"26":{"start":{"line":73,"column":29},"end":{"line":75,"column":10}},"27":{"start":{"line":77,"column":27},"end":{"line":81,"column":10}},"28":{"start":{"line":83,"column":23},"end":{"line":83,"column":53}},"29":{"start":{"line":84,"column":50},"end":{"line":84,"column":76}},"30":{"start":{"line":86,"column":22},"end":{"line":95,"column":10}},"31":{"start":{"line":96,"column":8},"end":{"line":96,"column":null}},"32":{"start":{"line":97,"column":8},"end":{"line":97,"column":null}},"33":{"start":{"line":101,"column":4},"end":{"line":115,"column":null}},"34":{"start":{"line":102,"column":29},"end":{"line":104,"column":10}},"35":{"start":{"line":106,"column":23},"end":{"line":106,"column":53}},"36":{"start":{"line":108,"column":22},"end":{"line":112,"column":10}},"37":{"start":{"line":113,"column":8},"end":{"line":113,"column":null}},"38":{"start":{"line":114,"column":8},"end":{"line":114,"column":null}}},"fnMap":{"0":{"name":"questsRoutes","decl":{"start":{"line":6,"column":22},"end":{"line":6,"column":34}},"loc":{"start":{"line":6,"column":58},"end":{"line":116,"column":1}}},"1":{"name":"(anonymous_1)","decl":{"start":{"line":9,"column":26},"end":{"line":9,"column":31}},"loc":{"start":{"line":9,"column":37},"end":{"line":19,"column":5}}},"2":{"name":"(anonymous_2)","decl":{"start":{"line":22,"column":30},"end":{"line":22,"column":35}},"loc":{"start":{"line":22,"column":44},"end":{"line":36,"column":5}}},"3":{"name":"(anonymous_3)","decl":{"start":{"line":39,"column":27},"end":{"line":39,"column":32}},"loc":{"start":{"line":39,"column":41},"end":{"line":70,"column":5}}},"4":{"name":"(anonymous_4)","decl":{"start":{"line":72,"column":30},"end":{"line":72,"column":35}},"loc":{"start":{"line":72,"column":44},"end":{"line":98,"column":5}}},"5":{"name":"(anonymous_5)","decl":{"start":{"line":101,"column":33},"end":{"line":101,"column":38}},"loc":{"start":{"line":101,"column":47},"end":{"line":115,"column":5}}}},"branchMap":{"0":{"loc":{"start":{"line":61,"column":12},"end":{"line":66,"column":13}},"type":"if","locations":[{"start":{"line":61,"column":12},"end":{"line":66,"column":13}}]}},"s":{"0":1,"1":1,"2":1,"3":1,"4":0,"5":0,"6":0,"7":1,"8":0,"9":0,"10":0,"11":0,"12":0,"13":1,"14":0,"15":0,"16":0,"17":0,"18":0,"19":0,"20":0,"21":0,"22":0,"23":0,"24":0,"25":1,"26":14,"27":14,"28":14,"29":14,"30":12,"31":1,"32":1,"33":1,"34":0,"35":0,"36":0,"37":0,"38":0},"f":{"0":1,"1":0,"2":0,"3":0,"4":14,"5":0},"b":{"0":[0]}}
}
