TN:
SF:src/server.ts
FN:15,(anonymous_1)
FNF:1
FNH:1
FNDA:1,(anonymous_1)
DA:1,1
DA:3,1
DA:5,1
DA:7,1
DA:8,1
DA:13,1
DA:16,1
LF:7
LH:7
BRF:0
BRH:0
end_of_record
TN:
SF:src/lib/prisma.ts
FNF:0
FNH:0
DA:1,1
DA:3,1
LF:2
LH:2
BRF:0
BRH:0
end_of_record
TN:
SF:src/routes/quests.ts
FN:6,questsRoutes
FN:9,(anonymous_1)
FN:22,(anonymous_2)
FN:39,(anonymous_3)
FN:72,(anonymous_4)
FN:101,(anonymous_5)
FNF:6
FNH:2
FNDA:1,questsRoutes
FNDA:0,(anonymous_1)
FNDA:0,(anonymous_2)
FNDA:0,(anonymous_3)
FNDA:14,(anonymous_4)
FNDA:0,(anonymous_5)
DA:2,1
DA:3,1
DA:6,1
DA:9,1
DA:11,0
DA:16,0
DA:17,0
DA:22,1
DA:23,0
DA:27,0
DA:29,0
DA:34,0
DA:35,0
DA:39,1
DA:41,0
DA:49,0
DA:50,0
DA:52,0
DA:58,0
DA:59,0
DA:61,0
DA:62,0
DA:63,0
DA:67,0
DA:68,0
DA:72,1
DA:73,14
DA:77,14
DA:83,14
DA:84,14
DA:86,12
DA:96,1
DA:97,1
DA:101,1
DA:102,0
DA:106,0
DA:108,0
DA:113,0
DA:114,0
LF:39
LH:15
BRDA:61,0,0,0
BRF:1
BRH:0
end_of_record
